# JRE version: OpenJDK Runtime Environment Temurin-17.0.2+8 (17.0.2+8) (build 17.0.2+8)
# Java VM: OpenJDK 64-Bit Server VM Temurin-17.0.2+8 (17.0.2+8, mixed mode, tiered, compressed oops, compressed class ptrs, g1 gc, windows-amd64)
GC Precious Log:
 CPUs: 4 total, 4 available
 Memory: 8078M
 Large Page Support: Disabled
 NUMA Support: Disabled
 Compressed Oops: Enabled (32-bit)
 Heap Region Size: 1M
 Heap Min Capacity: 8M
 Heap Initial Capacity: 128M
 Heap Max Capacity: 2020M
 Pre-touch: Disabled
 Parallel Workers: 4
 Concurrent Workers: 1
 Concurrent Refinement Workers: 4
 Periodic GC: Disabled
Heap:
 garbage-first heap   total 86016K, used 46376K [0x0000000081c00000, 0x0000000100000000)
  region size 1024K, 24 young (24576K), 3 survivors (3072K)
 Metaspace       used 55784K, committed 56128K, reserved 1097728K
  class space    used 7259K, committed 7424K, reserved 1048576K
GC Heap History (18 events):
Event: 0.449 GC heap before
{Heap before GC invocations=0 (full 0):
 garbage-first heap   total 131072K, used 13312K [0x0000000081c00000, 0x0000000100000000)
  region size 1024K, 13 young (13312K), 0 survivors (0K)
 Metaspace       used 6648K, committed 6848K, reserved 1056768K
  class space    used 577K, committed 704K, reserved 1048576K
}
Event: 0.451 GC heap after
{Heap after GC invocations=1 (full 0):
 garbage-first heap   total 131072K, used 1024K [0x0000000081c00000, 0x0000000100000000)
  region size 1024K, 1 young (1024K), 1 survivors (1024K)
 Metaspace       used 6648K, committed 6848K, reserved 1056768K
  class space    used 577K, committed 704K, reserved 1048576K
}
Event: 0.619 GC heap before
{Heap before GC invocations=1 (full 0):
 garbage-first heap   total 131072K, used 36864K [0x0000000081c00000, 0x0000000100000000)
  region size 1024K, 19 young (19456K), 1 survivors (1024K)
 Metaspace       used 6701K, committed 6848K, reserved 1056768K
  class space    used 577K, committed 704K, reserved 1048576K
}
Event: 0.625 GC heap after
{Heap after GC invocations=2 (full 0):
 garbage-first heap   total 131072K, used 15537K [0x0000000081c00000, 0x0000000100000000)
  region size 1024K, 3 young (3072K), 3 survivors (3072K)
 Metaspace       used 6701K, committed 6848K, reserved 1056768K
  class space    used 577K, committed 704K, reserved 1048576K
}
Event: 1.473 GC heap before
{Heap before GC invocations=2 (full 0):
 garbage-first heap   total 131072K, used 91313K [0x0000000081c00000, 0x0000000100000000)
  region size 1024K, 76 young (77824K), 3 survivors (3072K)
 Metaspace       used 10900K, committed 11072K, reserved 1064960K
  class space    used 1056K, committed 1152K, reserved 1048576K
}
Event: 1.491 GC heap after
{Heap after GC invocations=3 (full 0):
 garbage-first heap   total 131072K, used 20883K [0x0000000081c00000, 0x0000000100000000)
  region size 1024K, 10 young (10240K), 10 survivors (10240K)
 Metaspace       used 10900K, committed 11072K, reserved 1064960K
  class space    used 1056K, committed 1152K, reserved 1048576K
}
Event: 1.811 GC heap before
{Heap before GC invocations=3 (full 0):
 garbage-first heap   total 131072K, used 52627K [0x0000000081c00000, 0x0000000100000000)
  region size 1024K, 29 young (29696K), 10 survivors (10240K)
 Metaspace       used 13609K, committed 13760K, reserved 1064960K
  class space    used 1402K, committed 1472K, reserved 1048576K
}
Event: 1.823 GC heap after
{Heap after GC invocations=4 (full 0):
 garbage-first heap   total 131072K, used 33792K [0x0000000081c00000, 0x0000000100000000)
  region size 1024K, 4 young (4096K), 4 survivors (4096K)
 Metaspace       used 13609K, committed 13760K, reserved 1064960K
  class space    used 1402K, committed 1472K, reserved 1048576K
}
Event: 2.440 GC heap before
{Heap before GC invocations=4 (full 0):
 garbage-first heap   total 131072K, used 48128K [0x0000000081c00000, 0x0000000100000000)
  region size 1024K, 19 young (19456K), 4 survivors (4096K)
 Metaspace       used 21316K, committed 21504K, reserved 1073152K
  class space    used 2322K, committed 2432K, reserved 1048576K
}
Event: 2.444 GC heap after
{Heap after GC invocations=5 (full 0):
 garbage-first heap   total 131072K, used 35550K [0x0000000081c00000, 0x0000000100000000)
  region size 1024K, 6 young (6144K), 6 survivors (6144K)
 Metaspace       used 21316K, committed 21504K, reserved 1073152K
  class space    used 2322K, committed 2432K, reserved 1048576K
}
Event: 3.745 GC heap before
{Heap before GC invocations=6 (full 0):
 garbage-first heap   total 89088K, used 65246K [0x0000000081c00000, 0x0000000100000000)
  region size 1024K, 47 young (48128K), 6 survivors (6144K)
 Metaspace       used 35929K, committed 36160K, reserved 1081344K
  class space    used 4213K, committed 4352K, reserved 1048576K
}
Event: 3.754 GC heap after
{Heap after GC invocations=7 (full 0):
 garbage-first heap   total 108544K, used 28507K [0x0000000081c00000, 0x0000000100000000)
  region size 1024K, 6 young (6144K), 6 survivors (6144K)
 Metaspace       used 35929K, committed 36160K, reserved 1081344K
  class space    used 4213K, committed 4352K, reserved 1048576K
}
Event: 3.771 GC heap before
{Heap before GC invocations=7 (full 0):
 garbage-first heap   total 108544K, used 28507K [0x0000000081c00000, 0x0000000100000000)
  region size 1024K, 7 young (7168K), 6 survivors (6144K)
 Metaspace       used 36136K, committed 36416K, reserved 1081344K
  class space    used 4255K, committed 4416K, reserved 1048576K
}
Event: 3.777 GC heap after
{Heap after GC invocations=8 (full 0):
 garbage-first heap   total 108544K, used 24178K [0x0000000081c00000, 0x0000000100000000)
  region size 1024K, 1 young (1024K), 1 survivors (1024K)
 Metaspace       used 36136K, committed 36416K, reserved 1081344K
  class space    used 4255K, committed 4416K, reserved 1048576K
}
Event: 3.788 GC heap before
{Heap before GC invocations=8 (full 0):
 garbage-first heap   total 108544K, used 24178K [0x0000000081c00000, 0x0000000100000000)
  region size 1024K, 2 young (2048K), 1 survivors (1024K)
 Metaspace       used 36260K, committed 36480K, reserved 1081344K
  class space    used 4282K, committed 4416K, reserved 1048576K
}
Event: 3.789 GC heap after
{Heap after GC invocations=9 (full 0):
 garbage-first heap   total 108544K, used 23494K [0x0000000081c00000, 0x0000000100000000)
  region size 1024K, 1 young (1024K), 1 survivors (1024K)
 Metaspace       used 36260K, committed 36480K, reserved 1081344K
  class space    used 4282K, committed 4416K, reserved 1048576K
}
Event: 4.922 GC heap before
{Heap before GC invocations=10 (full 0):
 garbage-first heap   total 86016K, used 73670K [0x0000000081c00000, 0x0000000100000000)
  region size 1024K, 51 young (52224K), 1 survivors (1024K)
 Metaspace       used 50056K, committed 50432K, reserved 1097728K
  class space    used 6484K, committed 6656K, reserved 1048576K
}
Event: 4.926 GC heap after
{Heap after GC invocations=11 (full 0):
 garbage-first heap   total 86016K, used 25896K [0x0000000081c00000, 0x0000000100000000)
  region size 1024K, 3 young (3072K), 3 survivors (3072K)
 Metaspace       used 50056K, committed 50432K, reserved 1097728K
  class space    used 6484K, committed 6656K, reserved 1048576K
}

